# JRE version: OpenJDK Runtime Environment (11.0.8+10) (build 11.0.8+10-b944.6842174)
# Java VM: OpenJDK 64-Bit Server VM (11.0.8+10-b944.6842174, mixed mode, tiered, compressed oops, g1 gc, windows-amd64)
Heap:
 garbage-first heap   total 425984K, used 185297K [0x0000000080000000, 0x0000000100000000)
  region size 1024K, 41 young (41984K), 8 survivors (8192K)
 Metaspace       used 131560K, capacity 135073K, committed 135500K, reserved 1167360K
  class space    used 16070K, capacity 17264K, committed 17484K, reserved 1048576K
GC Heap History (20 events):
Event: 3395.436 GC heap before
{Heap before GC invocations=72 (full 0):
 garbage-first heap   total 270336K, used 179116K [0x0000000080000000, 0x0000000100000000)
  region size 1024K, 59 young (60416K), 2 survivors (2048K)
 Metaspace       used 119946K, capacity 123125K, committed 123212K, reserved 1157120K
  class space    used 14603K, capacity 15681K, committed 15692K, reserved 1048576K
}
Event: 3395.442 GC heap after
{Heap after GC invocations=73 (full 0):
 garbage-first heap   total 270336K, used 122862K [0x0000000080000000, 0x0000000100000000)
  region size 1024K, 4 young (4096K), 4 survivors (4096K)
 Metaspace       used 119946K, capacity 123125K, committed 123212K, reserved 1157120K
  class space    used 14603K, capacity 15681K, committed 15692K, reserved 1048576K
}
Event: 3396.249 GC heap before
{Heap before GC invocations=74 (full 0):
 garbage-first heap   total 270336K, used 182337K [0x0000000080000000, 0x0000000100000000)
  region size 1024K, 64 young (65536K), 4 survivors (4096K)
 Metaspace       used 121853K, capacity 124939K, committed 125260K, reserved 1159168K
  class space    used 14793K, capacity 15845K, committed 15948K, reserved 1048576K
}
Event: 3396.255 GC heap after
{Heap after GC invocations=75 (full 0):
 garbage-first heap   total 270336K, used 123159K [0x0000000080000000, 0x0000000100000000)
  region size 1024K, 5 young (5120K), 5 survivors (5120K)
 Metaspace       used 121853K, capacity 124939K, committed 125260K, reserved 1159168K
  class space    used 14793K, capacity 15845K, committed 15948K, reserved 1048576K
}
Event: 3396.319 GC heap before
{Heap before GC invocations=75 (full 0):
 garbage-first heap   total 270336K, used 130327K [0x0000000080000000, 0x0000000100000000)
  region size 1024K, 14 young (14336K), 5 survivors (5120K)
 Metaspace       used 121854K, capacity 124939K, committed 125260K, reserved 1159168K
  class space    used 14793K, capacity 15845K, committed 15948K, reserved 1048576K
}
Event: 3396.323 GC heap after
{Heap after GC invocations=76 (full 0):
 garbage-first heap   total 270336K, used 114816K [0x0000000080000000, 0x0000000100000000)
  region size 1024K, 1 young (1024K), 1 survivors (1024K)
 Metaspace       used 121854K, capacity 124939K, committed 125260K, reserved 1159168K
  class space    used 14793K, capacity 15845K, committed 15948K, reserved 1048576K
}
Event: 3396.813 GC heap before
{Heap before GC invocations=76 (full 0):
 garbage-first heap   total 270336K, used 183424K [0x0000000080000000, 0x0000000100000000)
  region size 1024K, 69 young (70656K), 1 survivors (1024K)
 Metaspace       used 122129K, capacity 125310K, committed 125516K, reserved 1159168K
  class space    used 14820K, capacity 15857K, committed 15948K, reserved 1048576K
}
Event: 3396.818 GC heap after
{Heap after GC invocations=77 (full 0):
 garbage-first heap   total 270336K, used 115883K [0x0000000080000000, 0x0000000100000000)
  region size 1024K, 2 young (2048K), 2 survivors (2048K)
 Metaspace       used 122129K, capacity 125310K, committed 125516K, reserved 1159168K
  class space    used 14820K, capacity 15857K, committed 15948K, reserved 1048576K
}
Event: 3397.219 GC heap before
{Heap before GC invocations=78 (full 0):
 garbage-first heap   total 270336K, used 189611K [0x0000000080000000, 0x0000000100000000)
  region size 1024K, 75 young (76800K), 2 survivors (2048K)
 Metaspace       used 126553K, capacity 129892K, committed 129996K, reserved 1163264K
  class space    used 15467K, capacity 16582K, committed 16588K, reserved 1048576K
}
Event: 3397.230 GC heap after
{Heap after GC invocations=79 (full 0):
 garbage-first heap   total 270336K, used 130556K [0x0000000080000000, 0x0000000100000000)
  region size 1024K, 10 young (10240K), 10 survivors (10240K)
 Metaspace       used 126553K, capacity 129892K, committed 129996K, reserved 1163264K
  class space    used 15467K, capacity 16582K, committed 16588K, reserved 1048576K
}
Event: 3397.241 GC heap before
{Heap before GC invocations=79 (full 0):
 garbage-first heap   total 270336K, used 133628K [0x0000000080000000, 0x0000000100000000)
  region size 1024K, 13 young (13312K), 10 survivors (10240K)
 Metaspace       used 126695K, capacity 130086K, committed 130380K, reserved 1163264K
  class space    used 15497K, capacity 16626K, committed 16716K, reserved 1048576K
}
Event: 3397.248 GC heap after
{Heap after GC invocations=80 (full 0):
 garbage-first heap   total 324608K, used 127465K [0x0000000080000000, 0x0000000100000000)
  region size 1024K, 2 young (2048K), 2 survivors (2048K)
 Metaspace       used 126695K, capacity 130086K, committed 130380K, reserved 1163264K
  class space    used 15497K, capacity 16626K, committed 16716K, reserved 1048576K
}
Event: 3397.651 GC heap before
{Heap before GC invocations=80 (full 0):
 garbage-first heap   total 324608K, used 212457K [0x0000000080000000, 0x0000000100000000)
  region size 1024K, 86 young (88064K), 2 survivors (2048K)
 Metaspace       used 130734K, capacity 134400K, committed 134604K, reserved 1167360K
  class space    used 16081K, capacity 17317K, committed 17356K, reserved 1048576K
}
Event: 3397.672 GC heap after
{Heap after GC invocations=81 (full 0):
 garbage-first heap   total 324608K, used 134653K [0x0000000080000000, 0x0000000100000000)
  region size 1024K, 9 young (9216K), 9 survivors (9216K)
 Metaspace       used 130734K, capacity 134400K, committed 134604K, reserved 1167360K
  class space    used 16081K, capacity 17317K, committed 17356K, reserved 1048576K
}
Event: 3397.921 GC heap before
{Heap before GC invocations=82 (full 0):
 garbage-first heap   total 324608K, used 227837K [0x0000000080000000, 0x0000000100000000)
  region size 1024K, 101 young (103424K), 9 survivors (9216K)
 Metaspace       used 131362K, capacity 134970K, committed 135244K, reserved 1167360K
  class space    used 16068K, capacity 17303K, committed 17484K, reserved 1048576K
}
Event: 3397.934 GC heap after
{Heap after GC invocations=83 (full 0):
 garbage-first heap   total 324608K, used 147492K [0x0000000080000000, 0x0000000100000000)
  region size 1024K, 13 young (13312K), 13 survivors (13312K)
 Metaspace       used 131362K, capacity 134970K, committed 135244K, reserved 1167360K
  class space    used 16068K, capacity 17303K, committed 17484K, reserved 1048576K
}
Event: 3398.133 GC heap before
{Heap before GC invocations=83 (full 0):
 garbage-first heap   total 324608K, used 238628K [0x0000000080000000, 0x0000000100000000)
  region size 1024K, 102 young (104448K), 13 survivors (13312K)
 Metaspace       used 131562K, capacity 135135K, committed 135500K, reserved 1167360K
  class space    used 16097K, capacity 17314K, committed 17484K, reserved 1048576K
}
Event: 3398.151 GC heap after
{Heap after GC invocations=84 (full 0):
 garbage-first heap   total 324608K, used 147661K [0x0000000080000000, 0x0000000100000000)
  region size 1024K, 3 young (3072K), 3 survivors (3072K)
 Metaspace       used 131562K, capacity 135135K, committed 135500K, reserved 1167360K
  class space    used 16097K, capacity 17314K, committed 17484K, reserved 1048576K
}
Event: 3398.379 GC heap before
{Heap before GC invocations=85 (full 0):
 garbage-first heap   total 324608K, used 243917K [0x0000000080000000, 0x0000000100000000)
  region size 1024K, 98 young (100352K), 3 survivors (3072K)
 Metaspace       used 131543K, capacity 135073K, committed 135500K, reserved 1167360K
  class space    used 16070K, capacity 17264K, committed 17484K, reserved 1048576K
}
Event: 3398.387 GC heap after
{Heap after GC invocations=86 (full 0):
 garbage-first heap   total 425984K, used 152529K [0x0000000080000000, 0x0000000100000000)
  region size 1024K, 8 young (8192K), 8 survivors (8192K)
 Metaspace       used 131543K, capacity 135073K, committed 135500K, reserved 1167360K
  class space    used 16070K, capacity 17264K, committed 17484K, reserved 1048576K
}

